<?xml version="1.0" encoding="UTF-8" standalone="no"?><stats><currentLife>0</currentLife><currentMana>0</currentMana><strength>0</strength><agility>0</agility><intellect>0</intellect><hardiness>0</hardiness><experience>0</experience><movement>0</movement><bindWounds>0</bindWounds><observation>0</observation><bargain>0</bargain><weaponModifier>0</weaponModifier><armorModifier>0</armorModifier><pickpocket>0</pickpocket><trapping>0</trapping><creep>0</creep><rangedWeapon>0</rangedWeapon></stats>